<?xml version='1.0' encoding='UTF-8'?>
<testsuite hostname="ds" name="com.danieltrinh.scalariform.astselect.AstSelectorTest" tests="95" errors="0" failures="0" time="0.012">
                     <properties>
[...]
</properties>
                     <testcase classname="com.danieltrinh.scalariform.astselect.AstSelectorTest" name="source
&gt;&gt;&gt; wibble  &lt;&lt;&lt; should expand
&gt;&gt;&gt;   |     &lt;&lt;&lt;
 to 
&gt;&gt;&gt; $$$$$$  &lt;&lt;&lt;" time="0.0">
                                                 
                                               </testcase><testcase classname="com.danieltrinh.scalariform.astselect.AstSelectorTest" name="source
&gt;&gt;&gt; wibble  &lt;&lt;&lt; should expand
&gt;&gt;&gt; |       &lt;&lt;&lt;
 to 
&gt;&gt;&gt; $$$$$$  &lt;&lt;&lt;" time="0.0">
                                                 
                                               </testcase><testcase classname="com.danieltrinh.scalariform.astselect.AstSelectorTest" name="source
&gt;&gt;&gt; wibble  &lt;&lt;&lt; should expand
&gt;&gt;&gt;      |  &lt;&lt;&lt;
 to 
&gt;&gt;&gt; $$$$$$  &lt;&lt;&lt;" time="0.0">
                                                 
                                               </testcase><testcase classname="com.danieltrinh.scalariform.astselect.AstSelectorTest" name="source
&gt;&gt;&gt; wibble  &lt;&lt;&lt; should expand
&gt;&gt;&gt;       | &lt;&lt;&lt;
 to 
&gt;&gt;&gt; $$$$$$  &lt;&lt;&lt;" time="0.0">
                                                 
                                               </testcase><testcase classname="com.danieltrinh.scalariform.astselect.AstSelectorTest" name="source
&gt;&gt;&gt; /* foo */ &lt;&lt;&lt; should expand
&gt;&gt;&gt;    $      &lt;&lt;&lt;
 to 
&gt;&gt;&gt; $$$$$$$$$ &lt;&lt;&lt;" time="0.0">
                                                 
                                               </testcase><testcase classname="com.danieltrinh.scalariform.astselect.AstSelectorTest" name="source
&gt;&gt;&gt; /* foo */ /* bar */ &lt;&lt;&lt; should expand
&gt;&gt;&gt;     $               &lt;&lt;&lt;
 to 
&gt;&gt;&gt; $$$$$$$$$           &lt;&lt;&lt;" time="0.0">
                                                 
                                               </testcase><testcase classname="com.danieltrinh.scalariform.astselect.AstSelectorTest" name="source
&gt;&gt;&gt; class A(n: Int) &lt;&lt;&lt; should expand
&gt;&gt;&gt;         $$$$$$  &lt;&lt;&lt;
 to 
&gt;&gt;&gt; $$$$$$$$$$$$$$$ &lt;&lt;&lt;" time="0.001">
                                                 
                                               </testcase><testcase classname="com.danieltrinh.scalariform.astselect.AstSelectorTest" name="source
&gt;&gt;&gt; foo(42) &lt;&lt;&lt; should expand
&gt;&gt;&gt;     $$  &lt;&lt;&lt;
 to 
&gt;&gt;&gt; $$$$$$$ &lt;&lt;&lt;" time="0.0">
                                                 
                                               </testcase><testcase classname="com.danieltrinh.scalariform.astselect.AstSelectorTest" name="source
&gt;&gt;&gt; object A { } &lt;&lt;&lt; should expand
&gt;&gt;&gt;           |  &lt;&lt;&lt;
 to 
&gt;&gt;&gt; $$$$$$$$$$$$ &lt;&lt;&lt;" time="0.0">
                                                 
                                               </testcase><testcase classname="com.danieltrinh.scalariform.astselect.AstSelectorTest" name="source
&gt;&gt;&gt; private def foo = 42 &lt;&lt;&lt; should expand
&gt;&gt;&gt;           $$$$$$$$$  &lt;&lt;&lt;
 to 
&gt;&gt;&gt; $$$$$$$$$$$$$$$$$$$$ &lt;&lt;&lt;" time="0.001">
                                                 
                                               </testcase><testcase classname="com.danieltrinh.scalariform.astselect.AstSelectorTest" name="source
&gt;&gt;&gt; if (a) b else c &lt;&lt;&lt; should expand
&gt;&gt;&gt;             $$$ &lt;&lt;&lt;
 to 
&gt;&gt;&gt; $$$$$$$$$$$$$$$ &lt;&lt;&lt;" time="0.0">
                                                 
                                               </testcase><testcase classname="com.danieltrinh.scalariform.astselect.AstSelectorTest" name="source
&gt;&gt;&gt; aa(bb + cc, dd * ee) &lt;&lt;&lt; should expand
&gt;&gt;&gt;              $$$$$   &lt;&lt;&lt;
 to 
&gt;&gt;&gt;             $$$$$$$  &lt;&lt;&lt;" time="0.0">
                                                 
                                               </testcase><testcase classname="com.danieltrinh.scalariform.astselect.AstSelectorTest" name="source
&gt;&gt;&gt; class A[B] &lt;&lt;&lt; should expand
&gt;&gt;&gt;         $  &lt;&lt;&lt;
 to 
&gt;&gt;&gt; $$$$$$$$$$ &lt;&lt;&lt;" time="0.0">
                                                 
                                               </testcase><testcase classname="com.danieltrinh.scalariform.astselect.AstSelectorTest" name="source
&gt;&gt;&gt; new Wibble &lt;&lt;&lt; should expand
&gt;&gt;&gt;     $$$$$$ &lt;&lt;&lt;
 to 
&gt;&gt;&gt; $$$$$$$$$$ &lt;&lt;&lt;" time="0.0">
                                                 
                                               </testcase><testcase classname="com.danieltrinh.scalariform.astselect.AstSelectorTest" name="source
&gt;&gt;&gt; new Wibble() &lt;&lt;&lt; should expand
&gt;&gt;&gt;         $$$  &lt;&lt;&lt;
 to 
&gt;&gt;&gt; $$$$$$$$$$$$ &lt;&lt;&lt;" time="0.0">
                                                 
                                               </testcase><testcase classname="com.danieltrinh.scalariform.astselect.AstSelectorTest" name="source
&gt;&gt;&gt; a + b + c &lt;&lt;&lt; should expand
&gt;&gt;&gt;   $       &lt;&lt;&lt;
 to 
&gt;&gt;&gt; $$$$$     &lt;&lt;&lt;" time="0.0">
                                                 
                                               </testcase><testcase classname="com.danieltrinh.scalariform.astselect.AstSelectorTest" name="source
&gt;&gt;&gt; a + b + c &lt;&lt;&lt; should expand
&gt;&gt;&gt; $$$$$     &lt;&lt;&lt;
 to 
&gt;&gt;&gt; $$$$$$$$$ &lt;&lt;&lt;" time="0.0">
                                                 
                                               </testcase><testcase classname="com.danieltrinh.scalariform.astselect.AstSelectorTest" name="source
&gt;&gt;&gt; a + b + c &lt;&lt;&lt; should expand
&gt;&gt;&gt;      $$$  &lt;&lt;&lt;
 to 
&gt;&gt;&gt; $$$$$$$$$ &lt;&lt;&lt;" time="0.0">
                                                 
                                               </testcase><testcase classname="com.danieltrinh.scalariform.astselect.AstSelectorTest" name="source
&gt;&gt;&gt; x + y * z &lt;&lt;&lt; should expand
&gt;&gt;&gt;      $$$  &lt;&lt;&lt;
 to 
&gt;&gt;&gt;     $$$$$ &lt;&lt;&lt;" time="0.0">
                                                 
                                               </testcase><testcase classname="com.danieltrinh.scalariform.astselect.AstSelectorTest" name="source
&gt;&gt;&gt; x + y * z &lt;&lt;&lt; should expand
&gt;&gt;&gt;     $$$$$ &lt;&lt;&lt;
 to 
&gt;&gt;&gt; $$$$$$$$$ &lt;&lt;&lt;" time="0.0">
                                                 
                                               </testcase><testcase classname="com.danieltrinh.scalariform.astselect.AstSelectorTest" name="source
&gt;&gt;&gt; a :: b :: c :: Nil &lt;&lt;&lt; should expand
&gt;&gt;&gt;             $$     &lt;&lt;&lt;
 to 
&gt;&gt;&gt;           $$$$$$$$ &lt;&lt;&lt;" time="0.0">
                                                 
                                               </testcase><testcase classname="com.danieltrinh.scalariform.astselect.AstSelectorTest" name="source
&gt;&gt;&gt; a :: b :: c :: Nil &lt;&lt;&lt; should expand
&gt;&gt;&gt;           $$$$$$$$ &lt;&lt;&lt;
 to 
&gt;&gt;&gt;      $$$$$$$$$$$$$ &lt;&lt;&lt;" time="0.001">
                                                 
                                               </testcase><testcase classname="com.danieltrinh.scalariform.astselect.AstSelectorTest" name="source
&gt;&gt;&gt; a :: b :: c :: Nil &lt;&lt;&lt; should expand
&gt;&gt;&gt;      $$$$$$$$$$$$$ &lt;&lt;&lt;
 to 
&gt;&gt;&gt; $$$$$$$$$$$$$$$$$$ &lt;&lt;&lt;" time="0.0">
                                                 
                                               </testcase><testcase classname="com.danieltrinh.scalariform.astselect.AstSelectorTest" name="source
&gt;&gt;&gt; a :: b :: Nil ++ Nil &lt;&lt;&lt; should expand
&gt;&gt;&gt;                  $$$ &lt;&lt;&lt;
 to 
&gt;&gt;&gt;           $$$$$$$$$$ &lt;&lt;&lt;" time="0.001">
                                                 
                                               </testcase><testcase classname="com.danieltrinh.scalariform.astselect.AstSelectorTest" name="source
&gt;&gt;&gt; a :: b :: Nil ++ Nil &lt;&lt;&lt; should expand
&gt;&gt;&gt;           $$$$$$$$$$ &lt;&lt;&lt;
 to 
&gt;&gt;&gt;      $$$$$$$$$$$$$$$ &lt;&lt;&lt;" time="0.0">
                                                 
                                               </testcase><testcase classname="com.danieltrinh.scalariform.astselect.AstSelectorTest" name="source
&gt;&gt;&gt; a :: b :: Nil ++ Nil &lt;&lt;&lt; should expand
&gt;&gt;&gt;      $$$$$$$$$$$$$$$ &lt;&lt;&lt;
 to 
&gt;&gt;&gt; $$$$$$$$$$$$$$$$$$$$ &lt;&lt;&lt;" time="0.0">
                                                 
                                               </testcase><testcase classname="com.danieltrinh.scalariform.astselect.AstSelectorTest" name="source
&gt;&gt;&gt; a + b :: b + c :: Nil ++ Nil &lt;&lt;&lt; should expand
&gt;&gt;&gt;              $               &lt;&lt;&lt;
 to 
&gt;&gt;&gt;          $$$$$               &lt;&lt;&lt;" time="0.0">
                                                 
                                               </testcase><testcase classname="com.danieltrinh.scalariform.astselect.AstSelectorTest" name="source
&gt;&gt;&gt; a + b :: b + c :: Nil ++ Nil &lt;&lt;&lt; should expand
&gt;&gt;&gt;          $$$$$               &lt;&lt;&lt;
 to 
&gt;&gt;&gt;          $$$$$$$$$$$$$$$$$$$ &lt;&lt;&lt;" time="0.001">
                                                 
                                               </testcase><testcase classname="com.danieltrinh.scalariform.astselect.AstSelectorTest" name="source
&gt;&gt;&gt; a + b :: b + c :: Nil ++ Nil &lt;&lt;&lt; should expand
&gt;&gt;&gt;          $$$$$$$$$$$$$$$$$$$ &lt;&lt;&lt;
 to 
&gt;&gt;&gt; $$$$$$$$$$$$$$$$$$$$$$$$$$$$ &lt;&lt;&lt;" time="0.0">
                                                 
                                               </testcase><testcase classname="com.danieltrinh.scalariform.astselect.AstSelectorTest" name="source
&gt;&gt;&gt; i += 10 + 2 &lt;&lt;&lt; should expand
&gt;&gt;&gt; $           &lt;&lt;&lt;
 to 
&gt;&gt;&gt; $$$$$$$$$$$ &lt;&lt;&lt;" time="0.0">
                                                 
                                               </testcase><testcase classname="com.danieltrinh.scalariform.astselect.AstSelectorTest" name="source
&gt;&gt;&gt; i += 10 + 2 &lt;&lt;&lt; should expand
&gt;&gt;&gt;      $$     &lt;&lt;&lt;
 to 
&gt;&gt;&gt;      $$$$$$ &lt;&lt;&lt;" time="0.0">
                                                 
                                               </testcase><testcase classname="com.danieltrinh.scalariform.astselect.AstSelectorTest" name="source
&gt;&gt;&gt; i += 10 + 2 &lt;&lt;&lt; should expand
&gt;&gt;&gt;      $$$$$$ &lt;&lt;&lt;
 to 
&gt;&gt;&gt; $$$$$$$$$$$ &lt;&lt;&lt;" time="0.0">
                                                 
                                               </testcase><testcase classname="com.danieltrinh.scalariform.astselect.AstSelectorTest" name="foo _ &lt;&lt;&lt; should expand
&gt;&gt;&gt; $$$                                                         &lt;&lt;&lt;
 to 
&gt;&gt;&gt; $$$$$$$$$$$$$$$                                             &lt;&lt;&lt;" time="0.0">
                                                 
                                               </testcase><testcase classname="com.danieltrinh.scalariform.astselect.AstSelectorTest" name="foo _ &lt;&lt;&lt; should expand
&gt;&gt;&gt; $$$$$$$$$$$$$$$                                             &lt;&lt;&lt;
 to 
&gt;&gt;&gt; $$$$$$$$$$$$$$$$$$$$$$$$$$$$                                &lt;&lt;&lt;" time="0.001">
                                                 
                                               </testcase><testcase classname="com.danieltrinh.scalariform.astselect.AstSelectorTest" name="foo _ &lt;&lt;&lt; should expand
&gt;&gt;&gt; $$$$$$$$$$$$$$$$$$$$$$$$$$$$                                &lt;&lt;&lt;
 to 
&gt;&gt;&gt; $$$$$$$$$$$$$$$$$$$$$$$$$$$$$$$$                            &lt;&lt;&lt;" time="0.0">
                                                 
                                               </testcase><testcase classname="com.danieltrinh.scalariform.astselect.AstSelectorTest" name="foo _ &lt;&lt;&lt; should expand
&gt;&gt;&gt; $$$$$$$$$$$$$$$$$$$$$$$$$$$$$$$$                            &lt;&lt;&lt;
 to 
&gt;&gt;&gt; $$$$$$$$$$$$$$$$$$$$$$$$$$$$$$$$$$$$$$$$                    &lt;&lt;&lt;" time="0.0">
                                                 
                                               </testcase><testcase classname="com.danieltrinh.scalariform.astselect.AstSelectorTest" name="foo _ &lt;&lt;&lt; should expand
&gt;&gt;&gt; $$$$$$$$$$$$$$$$$$$$$$$$$$$$$$$$$$$$$$$$                    &lt;&lt;&lt;
 to 
&gt;&gt;&gt; $$$$$$$$$$$$$$$$$$$$$$$$$$$$$$$$$$$$$$$$$$$$$$$$$$$$$       &lt;&lt;&lt;" time="0.001">
                                                 
                                               </testcase><testcase classname="com.danieltrinh.scalariform.astselect.AstSelectorTest" name="foo _ &lt;&lt;&lt; should expand
&gt;&gt;&gt; $$$$$$$$$$$$$$$$$$$$$$$$$$$$$$$$$$$$$$$$$$$$$$$$$$$$$       &lt;&lt;&lt;
 to 
&gt;&gt;&gt; $$$$$$$$$$$$$$$$$$$$$$$$$$$$$$$$$$$$$$$$$$$$$$$$$$$$$$$$$$$ &lt;&lt;&lt;" time="0.0">
                                                 
                                               </testcase><testcase classname="com.danieltrinh.scalariform.astselect.AstSelectorTest" name="bar(c) &lt;&lt;&lt; should expand
&gt;&gt;&gt; $               &lt;&lt;&lt;
 to 
&gt;&gt;&gt; $$$$$$$$        &lt;&lt;&lt;" time="0.0">
                                                 
                                               </testcase><testcase classname="com.danieltrinh.scalariform.astselect.AstSelectorTest" name="bar(c) &lt;&lt;&lt; should expand
&gt;&gt;&gt; $$$$$$$$        &lt;&lt;&lt;
 to 
&gt;&gt;&gt; $$$$$$$$$$$$$$$ &lt;&lt;&lt;" time="0.0">
                                                 
                                               </testcase><testcase classname="com.danieltrinh.scalariform.astselect.AstSelectorTest" name="source
&gt;&gt;&gt; def x = 42 &lt;&lt;&lt; should expand
&gt;&gt;&gt;         $$ &lt;&lt;&lt;
 to 
&gt;&gt;&gt; $$$$$$$$$$ &lt;&lt;&lt;" time="0.0">
                                                 
                                               </testcase><testcase classname="com.danieltrinh.scalariform.astselect.AstSelectorTest" name="source
&gt;&gt;&gt; x: Int &lt;&lt;&lt; should expand
&gt;&gt;&gt; $      &lt;&lt;&lt;
 to 
&gt;&gt;&gt; $$$$$$ &lt;&lt;&lt;" time="0.0">
                                                 
                                               </testcase><testcase classname="com.danieltrinh.scalariform.astselect.AstSelectorTest" name="source
&gt;&gt;&gt; x = a + b &lt;&lt;&lt; should expand
&gt;&gt;&gt; $         &lt;&lt;&lt;
 to 
&gt;&gt;&gt; $$$$$$$$$ &lt;&lt;&lt;" time="0.0">
                                                 
                                               </testcase><testcase classname="com.danieltrinh.scalariform.astselect.AstSelectorTest" name="source
&gt;&gt;&gt; a match { case b =&gt; } &lt;&lt;&lt; should expand
&gt;&gt;&gt; $                     &lt;&lt;&lt;
 to 
&gt;&gt;&gt; $$$$$$$$$$$$$$$$$$$$$ &lt;&lt;&lt;" time="0.0">
                                                 
                                               </testcase><testcase classname="com.danieltrinh.scalariform.astselect.AstSelectorTest" name="source
&gt;&gt;&gt; a match { case b =&gt; c } &lt;&lt;&lt; should expand
&gt;&gt;&gt;           $$$$$$$$$$$   &lt;&lt;&lt;
 to 
&gt;&gt;&gt; $$$$$$$$$$$$$$$$$$$$$$$ &lt;&lt;&lt;" time="0.0">
                                                 
                                               </testcase><testcase classname="com.danieltrinh.scalariform.astselect.AstSelectorTest" name="source
&gt;&gt;&gt; (a, b) &lt;&lt;&lt; should expand
&gt;&gt;&gt;   $$$  &lt;&lt;&lt;
 to 
&gt;&gt;&gt; $$$$$$ &lt;&lt;&lt;" time="0.0">
                                                 
                                               </testcase><testcase classname="com.danieltrinh.scalariform.astselect.AstSelectorTest" name="source
&gt;&gt;&gt; for { a &lt;- b; c &lt;- d } yield e &lt;&lt;&lt; should expand
&gt;&gt;&gt;       $$$$$$$                  &lt;&lt;&lt;
 to 
&gt;&gt;&gt; $$$$$$$$$$$$$$$$$$$$$$$$$$$$$$ &lt;&lt;&lt;" time="0.0">
                                                 
                                               </testcase><testcase classname="com.danieltrinh.scalariform.astselect.AstSelectorTest" name="source
&gt;&gt;&gt; { case b ⇒ c } &lt;&lt;&lt; should expand
&gt;&gt;&gt;        $       &lt;&lt;&lt;
 to 
&gt;&gt;&gt;   $$$$$$$$$$   &lt;&lt;&lt;" time="0.0">
                                                 
                                               </testcase><testcase classname="com.danieltrinh.scalariform.astselect.AstSelectorTest" name="source
&gt;&gt;&gt; for (a ← b) { c } &lt;&lt;&lt; should expand
&gt;&gt;&gt;               $   &lt;&lt;&lt;
 to 
&gt;&gt;&gt;             $$$$$ &lt;&lt;&lt;" time="0.0">
                                                 
                                               </testcase><testcase classname="com.danieltrinh.scalariform.astselect.AstSelectorTest" name="source
&gt;&gt;&gt; for (a &lt;- b if c) {} &lt;&lt;&lt; should expand
&gt;&gt;&gt;                $     &lt;&lt;&lt;
 to 
&gt;&gt;&gt;      $$$$$$$$$$$     &lt;&lt;&lt;" time="0.0">
                                                 
                                               </testcase><testcase classname="com.danieltrinh.scalariform.astselect.AstSelectorTest" name="source
&gt;&gt;&gt; def a { b } &lt;&lt;&lt; should expand
&gt;&gt;&gt;         $   &lt;&lt;&lt;
 to 
&gt;&gt;&gt; $$$$$$$$$$$ &lt;&lt;&lt;" time="0.0">
                                                 
                                               </testcase><testcase classname="com.danieltrinh.scalariform.astselect.AstSelectorTest" name="source
&gt;&gt;&gt; { case b :: c :: d =&gt; } &lt;&lt;&lt; should expand
&gt;&gt;&gt;                  $      &lt;&lt;&lt;
 to 
&gt;&gt;&gt;             $$$$$$      &lt;&lt;&lt;" time="0.0">
                                                 
                                               </testcase><testcase classname="com.danieltrinh.scalariform.astselect.AstSelectorTest" name="source
&gt;&gt;&gt; { case b :: c :: d =&gt; } &lt;&lt;&lt; should expand
&gt;&gt;&gt;             $$$$$$      &lt;&lt;&lt;
 to 
&gt;&gt;&gt;        $$$$$$$$$$$      &lt;&lt;&lt;" time="0.0">
                                                 
                                               </testcase><testcase classname="com.danieltrinh.scalariform.astselect.AstSelectorTest" name="source
&gt;&gt;&gt; /** a */ class B &lt;&lt;&lt; should expand
&gt;&gt;&gt;                $ &lt;&lt;&lt;
 to 
&gt;&gt;&gt; $$$$$$$$$$$$$$$$ &lt;&lt;&lt;" time="0.0">
                                                 
                                               </testcase><testcase classname="com.danieltrinh.scalariform.astselect.AstSelectorTest" name="source
&gt;&gt;&gt; /** a */ class B &lt;&lt;&lt; should expand
&gt;&gt;&gt;  $$$$            &lt;&lt;&lt;
 to 
&gt;&gt;&gt; $$$$$$$$         &lt;&lt;&lt;" time="0.0">
                                                 
                                               </testcase><testcase classname="com.danieltrinh.scalariform.astselect.AstSelectorTest" name="source
&gt;&gt;&gt; /** a */ class B &lt;&lt;&lt; should expand
&gt;&gt;&gt; $$$$$$$$         &lt;&lt;&lt;
 to 
&gt;&gt;&gt; $$$$$$$$$$$$$$$$ &lt;&lt;&lt;" time="0.0">
                                                 
                                               </testcase><testcase classname="com.danieltrinh.scalariform.astselect.AstSelectorTest" name="source
&gt;&gt;&gt; /** a */ class B; class C &lt;&lt;&lt; should expand
&gt;&gt;&gt; $$$$$$$$$$$$$$$$          &lt;&lt;&lt;
 to 
&gt;&gt;&gt; $$$$$$$$$$$$$$$$$$$$$$$$$ &lt;&lt;&lt;" time="0.0">
                                                 
                                               </testcase><testcase classname="com.danieltrinh.scalariform.astselect.AstSelectorTest" name="source
&gt;&gt;&gt; val a  = { b } &lt;&lt;&lt; should expand
&gt;&gt;&gt;            $   &lt;&lt;&lt;
 to 
&gt;&gt;&gt;          $$$$$ &lt;&lt;&lt;" time="0.0">
                                                 
                                               </testcase><testcase classname="com.danieltrinh.scalariform.astselect.AstSelectorTest" name="source
&gt;&gt;&gt; try a catch b &lt;&lt;&lt; should expand
&gt;&gt;&gt;             $ &lt;&lt;&lt;
 to 
&gt;&gt;&gt; $$$$$$$$$$$$$ &lt;&lt;&lt;" time="0.0">
                                                 
                                               </testcase><testcase classname="com.danieltrinh.scalariform.astselect.AstSelectorTest" name="source
&gt;&gt;&gt; if (a) b &lt;&lt;&lt; should expand
&gt;&gt;&gt;     $    &lt;&lt;&lt;
 to 
&gt;&gt;&gt; $$$$$$$$ &lt;&lt;&lt;" time="0.001">
                                                 
                                               </testcase><testcase classname="com.danieltrinh.scalariform.astselect.AstSelectorTest" name="source
&gt;&gt;&gt; def a = b(c) &lt;&lt;&lt; should expand
&gt;&gt;&gt;          $$$ &lt;&lt;&lt;
 to 
&gt;&gt;&gt;         $$$$ &lt;&lt;&lt;" time="0.0">
                                                 
                                               </testcase><testcase classname="com.danieltrinh.scalariform.astselect.AstSelectorTest" name="source
&gt;&gt;&gt; def a = { b } &lt;&lt;&lt; should expand
&gt;&gt;&gt;           $   &lt;&lt;&lt;
 to 
&gt;&gt;&gt;         $$$$$ &lt;&lt;&lt;" time="0.0">
                                                 
                                               </testcase><testcase classname="com.danieltrinh.scalariform.astselect.AstSelectorTest" name="source
&gt;&gt;&gt; for (a &lt;- b) c(d) &lt;&lt;&lt; should expand
&gt;&gt;&gt;               $$$ &lt;&lt;&lt;
 to 
&gt;&gt;&gt;              $$$$ &lt;&lt;&lt;" time="0.0">
                                                 
                                               </testcase><testcase classname="com.danieltrinh.scalariform.astselect.AstSelectorTest" name="source
&gt;&gt;&gt; def a[B &lt;% C] &lt;&lt;&lt; should expand
&gt;&gt;&gt;         $$    &lt;&lt;&lt;
 to 
&gt;&gt;&gt;       $$$$$$  &lt;&lt;&lt;" time="0.0">
                                                 
                                               </testcase><testcase classname="com.danieltrinh.scalariform.astselect.AstSelectorTest" name="source
&gt;&gt;&gt; class A[B &lt;% C, D &lt;% E] &lt;&lt;&lt; should expand
&gt;&gt;&gt;           $$            &lt;&lt;&lt;
 to 
&gt;&gt;&gt;         $$$$$$          &lt;&lt;&lt;" time="0.0">
                                                 
                                               </testcase><testcase classname="com.danieltrinh.scalariform.astselect.AstSelectorTest" name="source
&gt;&gt;&gt; class A[B &lt;% C, D &lt;% E] &lt;&lt;&lt; should expand
&gt;&gt;&gt;         $$$$$$          &lt;&lt;&lt;
 to 
&gt;&gt;&gt; $$$$$$$$$$$$$$$$$$$$$$$ &lt;&lt;&lt;" time="0.0">
                                                 
                                               </testcase><testcase classname="com.danieltrinh.scalariform.astselect.AstSelectorTest" name="source
&gt;&gt;&gt; sealed class A &lt;&lt;&lt; should expand
&gt;&gt;&gt;            $$$ &lt;&lt;&lt;
 to 
&gt;&gt;&gt; $$$$$$$$$$$$$$ &lt;&lt;&lt;" time="0.001">
                                                 
                                               </testcase><testcase classname="com.danieltrinh.scalariform.astselect.AstSelectorTest" name="source
&gt;&gt;&gt; protected[a] val b &lt;&lt;&lt; should expand
&gt;&gt;&gt;           $        &lt;&lt;&lt;
 to 
&gt;&gt;&gt; $$$$$$$$$$$$       &lt;&lt;&lt;" time="0.0">
                                                 
                                               </testcase><testcase classname="com.danieltrinh.scalariform.astselect.AstSelectorTest" name="pop() } should produce [NoSuchElementException] &lt;&lt;&lt; should expand
&gt;&gt;&gt;              $$$$$$$                                               &lt;&lt;&lt;
 to 
&gt;&gt;&gt;              $$$$$$$$$$$                                           &lt;&lt;&lt;" time="0.0">
                                                 
                                               </testcase><testcase classname="com.danieltrinh.scalariform.astselect.AstSelectorTest" name="pop() } should produce [NoSuchElementException] &lt;&lt;&lt; should expand
&gt;&gt;&gt;              $$$$$$$$$$$                                           &lt;&lt;&lt;
 to 
&gt;&gt;&gt;            $$$$$$$$$$$$$$$                                         &lt;&lt;&lt;" time="0.0">
                                                 
                                               </testcase><testcase classname="com.danieltrinh.scalariform.astselect.AstSelectorTest" name="pop() } should produce [NoSuchElementException] &lt;&lt;&lt; should expand
&gt;&gt;&gt;            $$$$$$$$$$$$$$$                                         &lt;&lt;&lt;
 to 
&gt;&gt;&gt; $$$$$$$$$$$$$$$$$$$$$$$$$$                                         &lt;&lt;&lt;" time="0.0">
                                                 
                                               </testcase><testcase classname="com.danieltrinh.scalariform.astselect.AstSelectorTest" name="pop() } should produce [NoSuchElementException] &lt;&lt;&lt; should expand
&gt;&gt;&gt; $$$$$$$$$$$$$$$$$$$$$$$$$$                                         &lt;&lt;&lt;
 to 
&gt;&gt;&gt; $$$$$$$$$$$$$$$$$$$$$$$$$$$$$$$$$$$$$$$$$$$$$$$$$$$$$$$$$$$$$$$$$$ &lt;&lt;&lt;" time="0.0">
                                                 
                                               </testcase><testcase classname="com.danieltrinh.scalariform.astselect.AstSelectorTest" name="pop() } should produce [NoSuchElementException] &lt;&lt;&lt; should expand
&gt;&gt;&gt;                                            $$$$$$$$$$$$$$$$$$$$$$  &lt;&lt;&lt;
 to 
&gt;&gt;&gt;                                   $$$$$$$$$$$$$$$$$$$$$$$$$$$$$$$$ &lt;&lt;&lt;" time="0.0">
                                                 
                                               </testcase><testcase classname="com.danieltrinh.scalariform.astselect.AstSelectorTest" name="pop() } should produce [NoSuchElementException] &lt;&lt;&lt; should expand
&gt;&gt;&gt;                                   $$$$$$$$$$$$$$$$$$$$$$$$$$$$$$$$ &lt;&lt;&lt;
 to 
&gt;&gt;&gt; $$$$$$$$$$$$$$$$$$$$$$$$$$$$$$$$$$$$$$$$$$$$$$$$$$$$$$$$$$$$$$$$$$ &lt;&lt;&lt;" time="0.0">
                                                 
                                               </testcase><testcase classname="com.danieltrinh.scalariform.astselect.AstSelectorTest" name="source
&gt;&gt;&gt; } wibble  &lt;&lt;&lt; should expand
&gt;&gt;&gt;     $     &lt;&lt;&lt;
 to 
&gt;&gt;&gt;   $$$$$$  &lt;&lt;&lt;" time="0.0">
                                                 
                                               </testcase><testcase classname="com.danieltrinh.scalariform.astselect.AstSelectorTest" name="buz() &lt;&lt;&lt; should expand
&gt;&gt;&gt;  $                &lt;&lt;&lt;
 to 
&gt;&gt;&gt; $$$               &lt;&lt;&lt;" time="0.0">
                                                 
                                               </testcase><testcase classname="com.danieltrinh.scalariform.astselect.AstSelectorTest" name="buz() &lt;&lt;&lt; should expand
&gt;&gt;&gt; $$$               &lt;&lt;&lt;
 to 
&gt;&gt;&gt; $$$$$$$           &lt;&lt;&lt;" time="0.0">
                                                 
                                               </testcase><testcase classname="com.danieltrinh.scalariform.astselect.AstSelectorTest" name="buz() &lt;&lt;&lt; should expand
&gt;&gt;&gt; $$$$$$$           &lt;&lt;&lt;
 to 
&gt;&gt;&gt; $$$$$$$$$$$       &lt;&lt;&lt;" time="0.0">
                                                 
                                               </testcase><testcase classname="com.danieltrinh.scalariform.astselect.AstSelectorTest" name="buz() &lt;&lt;&lt; should expand
&gt;&gt;&gt; $$$$$$$$$$$       &lt;&lt;&lt;
 to 
&gt;&gt;&gt; $$$$$$$$$$$$$$$$$ &lt;&lt;&lt;" time="0.0">
                                                 
                                               </testcase><testcase classname="com.danieltrinh.scalariform.astselect.AstSelectorTest" name="baz &lt;&lt;&lt; should expand
&gt;&gt;&gt; $$$                &lt;&lt;&lt;
 to 
&gt;&gt;&gt; $$$$$$$$$$$$$$     &lt;&lt;&lt;" time="0.0">
                                                 
                                               </testcase><testcase classname="com.danieltrinh.scalariform.astselect.AstSelectorTest" name="baz &lt;&lt;&lt; should expand
&gt;&gt;&gt; $$$$$$$$$$$$$$     &lt;&lt;&lt;
 to 
&gt;&gt;&gt; $$$$$$$$$$$$$$$$$$ &lt;&lt;&lt;" time="0.001">
                                                 
                                               </testcase><testcase classname="com.danieltrinh.scalariform.astselect.AstSelectorTest" name="baz &lt;&lt;&lt; should expand
&gt;&gt;&gt;         $$$         &lt;&lt;&lt;
 to 
&gt;&gt;&gt;         $$$$$$$     &lt;&lt;&lt;" time="0.0">
                                                 
                                               </testcase><testcase classname="com.danieltrinh.scalariform.astselect.AstSelectorTest" name="baz &lt;&lt;&lt; should expand
&gt;&gt;&gt;         $$$$$$$     &lt;&lt;&lt;
 to 
&gt;&gt;&gt;         $$$$$$$$$$$ &lt;&lt;&lt;" time="0.0">
                                                 
                                               </testcase><testcase classname="com.danieltrinh.scalariform.astselect.AstSelectorTest" name="baz &lt;&lt;&lt; should expand
&gt;&gt;&gt;         $$$$$$$$$$$ &lt;&lt;&lt;
 to 
&gt;&gt;&gt; $$$$$$$$$$$$$$$$$$$ &lt;&lt;&lt;" time="0.001">
                                                 
                                               </testcase><testcase classname="com.danieltrinh.scalariform.astselect.AstSelectorTest" name="source
&gt;&gt;&gt; foo[bar][baz] &lt;&lt;&lt; should expand
&gt;&gt;&gt; $$$           &lt;&lt;&lt;
 to 
&gt;&gt;&gt; $$$$$$$$      &lt;&lt;&lt;" time="0.0">
                                                 
                                               </testcase><testcase classname="com.danieltrinh.scalariform.astselect.AstSelectorTest" name="source
&gt;&gt;&gt; foo[bar][baz] &lt;&lt;&lt; should expand
&gt;&gt;&gt; $$$$$$$$      &lt;&lt;&lt;
 to 
&gt;&gt;&gt; $$$$$$$$$$$$$ &lt;&lt;&lt;" time="0.0">
                                                 
                                               </testcase><testcase classname="com.danieltrinh.scalariform.astselect.AstSelectorTest" name="source
&gt;&gt;&gt; (!foo) &lt;&lt;&lt; should expand
&gt;&gt;&gt;   $$$  &lt;&lt;&lt;
 to 
&gt;&gt;&gt;  $$$$  &lt;&lt;&lt;" time="0.0">
                                                 
                                               </testcase><testcase classname="com.danieltrinh.scalariform.astselect.AstSelectorTest" name="source
&gt;&gt;&gt; (!foo) &lt;&lt;&lt; should expand
&gt;&gt;&gt;  $$$$  &lt;&lt;&lt;
 to 
&gt;&gt;&gt; $$$$$$ &lt;&lt;&lt;" time="0.0">
                                                 
                                               </testcase><testcase classname="com.danieltrinh.scalariform.astselect.AstSelectorTest" name="&quot; &lt;&lt;&lt; should expand
&gt;&gt;&gt;                $$$$$$       &quot; &lt;&lt;&lt;
 to 
&gt;&gt;&gt;                $$$$$$$$$$$  &quot; &lt;&lt;&lt;" time="0.0">
                                                 
                                               </testcase><testcase classname="com.danieltrinh.scalariform.astselect.AstSelectorTest" name="&quot; &lt;&lt;&lt; should expand
&gt;&gt;&gt;                $$$$$$$$$$$  &quot; &lt;&lt;&lt;
 to 
&gt;&gt;&gt;              $$$$$$$$$$$$$$ &quot; &lt;&lt;&lt;" time="0.0">
                                                 
                                               </testcase><testcase classname="com.danieltrinh.scalariform.astselect.AstSelectorTest" name="&quot; &lt;&lt;&lt; should expand
&gt;&gt;&gt;              $$$$$$$$$$$$$$ &quot; &lt;&lt;&lt;
 to 
&gt;&gt;&gt; $$$$$$$$$$$$$$$$$$$$$$$$$$$$$ &lt;&lt;&lt;" time="0.001">
                                                 
                                               </testcase><testcase classname="com.danieltrinh.scalariform.astselect.AstSelectorTest" name="source
&gt;&gt;&gt; xyz&quot;&quot; &lt;&lt;&lt; should expand
&gt;&gt;&gt;  $    &lt;&lt;&lt;
 to 
&gt;&gt;&gt; $$$   &lt;&lt;&lt;" time="0.0">
                                                 
                                               </testcase><testcase classname="com.danieltrinh.scalariform.astselect.AstSelectorTest" name="source
&gt;&gt;&gt; xyz&quot;&quot; &lt;&lt;&lt; should expand
&gt;&gt;&gt; $$$   &lt;&lt;&lt;
 to 
&gt;&gt;&gt; $$$$$ &lt;&lt;&lt;" time="0.0">
                                                 
                                               </testcase><testcase classname="com.danieltrinh.scalariform.astselect.AstSelectorTest" name="source
&gt;&gt;&gt; s&quot;my name is $bob&quot; &lt;&lt;&lt; should expand
&gt;&gt;&gt;    $               &lt;&lt;&lt;
 to 
&gt;&gt;&gt;  $$$$$$$$$$$$$     &lt;&lt;&lt;" time="0.0">
                                                 
                                               </testcase><testcase classname="com.danieltrinh.scalariform.astselect.AstSelectorTest" name="&quot; &lt;&lt;&lt; should expand
&gt;&gt;&gt;                $    &lt;&lt;&lt;
 to 
&gt;&gt;&gt;              $$$$   &lt;&lt;&lt;" time="0.0">
                                                 
                                               </testcase>
                     <system-out></system-out>
                     <system-err></system-err>
                   </testsuite>